<?xml version="1.0" encoding="UTF-8"?>
<coverage generated="1643017689748" clover="3.2.0">
  <project timestamp="1643017689748" name="All files">
    <metrics statements="18" coveredstatements="18" conditionals="8" coveredconditionals="8" methods="7" coveredmethods="7" elements="33" coveredelements="33" complexity="0" loc="18" ncloc="18" packages="1" files="1" classes="1"/>
    <file name="analyzeArray.js" path="/media/Files/Code/Odin/testing/analyzeArray.js">
      <metrics statements="18" coveredstatements="18" conditionals="8" coveredconditionals="8" methods="7" coveredmethods="7"/>
      <line num="2" count="7" type="cond" truecount="4" falsecount="0"/>
      <line num="3" count="1" type="stmt"/>
      <line num="5" count="6" type="stmt"/>
      <line num="6" count="25" type="stmt"/>
      <line num="7" count="6" type="stmt"/>
      <line num="10" count="6" type="stmt"/>
      <line num="11" count="6" type="stmt"/>
      <line num="12" count="6" type="stmt"/>
      <line num="13" count="31" type="cond" truecount="2" falsecount="0"/>
      <line num="15" count="6" type="stmt"/>
      <line num="18" count="6" type="stmt"/>
      <line num="19" count="6" type="stmt"/>
      <line num="20" count="6" type="stmt"/>
      <line num="21" count="31" type="cond" truecount="2" falsecount="0"/>
      <line num="23" count="6" type="stmt"/>
      <line num="26" count="6" type="stmt"/>
      <line num="28" count="6" type="stmt"/>
      <line num="36" count="1" type="stmt"/>
    </file>
  </project>
</coverage>
