{"/media/Files/Code/Odin/testing/analyzeArray.js": {"path":"/media/Files/Code/Odin/testing/analyzeArray.js","statementMap":{"0":{"start":{"line":2,"column":1},"end":{"line":3,"column":52}},"1":{"start":{"line":3,"column":2},"end":{"line":3,"column":52}},"2":{"start":{"line":5,"column":17},"end":{"line":8,"column":5}},"3":{"start":{"line":6,"column":14},"end":{"line":6,"column":53}},"4":{"start":{"line":6,"column":41},"end":{"line":6,"column":52}},"5":{"start":{"line":7,"column":2},"end":{"line":7,"column":26}},"6":{"start":{"line":10,"column":13},"end":{"line":16,"column":5}},"7":{"start":{"line":11,"column":12},"end":{"line":11,"column":20}},"8":{"start":{"line":12,"column":2},"end":{"line":14,"column":5}},"9":{"start":{"line":13,"column":3},"end":{"line":13,"column":30}},"10":{"start":{"line":13,"column":19},"end":{"line":13,"column":30}},"11":{"start":{"line":15,"column":2},"end":{"line":15,"column":13}},"12":{"start":{"line":18,"column":13},"end":{"line":24,"column":5}},"13":{"start":{"line":19,"column":12},"end":{"line":19,"column":21}},"14":{"start":{"line":20,"column":2},"end":{"line":22,"column":5}},"15":{"start":{"line":21,"column":3},"end":{"line":21,"column":30}},"16":{"start":{"line":21,"column":19},"end":{"line":21,"column":30}},"17":{"start":{"line":23,"column":2},"end":{"line":23,"column":13}},"18":{"start":{"line":26,"column":16},"end":{"line":26,"column":26}},"19":{"start":{"line":28,"column":1},"end":{"line":33,"column":3}},"20":{"start":{"line":36,"column":0},"end":{"line":36,"column":30}}},"fnMap":{"0":{"name":"analyzeArray","decl":{"start":{"line":1,"column":9},"end":{"line":1,"column":21}},"loc":{"start":{"line":1,"column":27},"end":{"line":34,"column":1}},"line":1},"1":{"name":"(anonymous_1)","decl":{"start":{"line":5,"column":18},"end":{"line":5,"column":19}},"loc":{"start":{"line":5,"column":30},"end":{"line":8,"column":2}},"line":5},"2":{"name":"(anonymous_2)","decl":{"start":{"line":6,"column":25},"end":{"line":6,"column":26}},"loc":{"start":{"line":6,"column":41},"end":{"line":6,"column":52}},"line":6},"3":{"name":"(anonymous_3)","decl":{"start":{"line":10,"column":14},"end":{"line":10,"column":15}},"loc":{"start":{"line":10,"column":26},"end":{"line":16,"column":2}},"line":10},"4":{"name":"(anonymous_4)","decl":{"start":{"line":12,"column":14},"end":{"line":12,"column":15}},"loc":{"start":{"line":12,"column":24},"end":{"line":14,"column":3}},"line":12},"5":{"name":"(anonymous_5)","decl":{"start":{"line":18,"column":14},"end":{"line":18,"column":15}},"loc":{"start":{"line":18,"column":26},"end":{"line":24,"column":2}},"line":18},"6":{"name":"(anonymous_6)","decl":{"start":{"line":20,"column":14},"end":{"line":20,"column":15}},"loc":{"start":{"line":20,"column":24},"end":{"line":22,"column":3}},"line":20}},"branchMap":{"0":{"loc":{"start":{"line":2,"column":1},"end":{"line":3,"column":52}},"type":"if","locations":[{"start":{"line":2,"column":1},"end":{"line":3,"column":52}},{"start":{},"end":{}}],"line":2},"1":{"loc":{"start":{"line":2,"column":5},"end":{"line":2,"column":44}},"type":"binary-expr","locations":[{"start":{"line":2,"column":5},"end":{"line":2,"column":24}},{"start":{"line":2,"column":28},"end":{"line":2,"column":44}}],"line":2},"2":{"loc":{"start":{"line":13,"column":3},"end":{"line":13,"column":30}},"type":"if","locations":[{"start":{"line":13,"column":3},"end":{"line":13,"column":30}},{"start":{},"end":{}}],"line":13},"3":{"loc":{"start":{"line":21,"column":3},"end":{"line":21,"column":30}},"type":"if","locations":[{"start":{"line":21,"column":3},"end":{"line":21,"column":30}},{"start":{},"end":{}}],"line":21}},"s":{"0":7,"1":1,"2":6,"3":6,"4":25,"5":6,"6":6,"7":6,"8":6,"9":31,"10":7,"11":6,"12":6,"13":6,"14":6,"15":31,"16":11,"17":6,"18":6,"19":6,"20":1},"f":{"0":7,"1":6,"2":25,"3":6,"4":31,"5":6,"6":31},"b":{"0":[1,6],"1":[7,6],"2":[7,24],"3":[11,20]},"_coverageSchema":"1a1c01bbd47fc00a2c39e90264f33305004495a9","hash":"8be9780f6d62c9424f76665684ef11d5040a1883"}
}
