TN:
SF:analyzeArray.js
FN:1,analyzeArray
FN:5,(anonymous_1)
FN:6,(anonymous_2)
FN:10,(anonymous_3)
FN:12,(anonymous_4)
FN:18,(anonymous_5)
FN:20,(anonymous_6)
FNF:7
FNH:7
FNDA:7,analyzeArray
FNDA:6,(anonymous_1)
FNDA:25,(anonymous_2)
FNDA:6,(anonymous_3)
FNDA:31,(anonymous_4)
FNDA:6,(anonymous_5)
FNDA:31,(anonymous_6)
DA:2,7
DA:3,1
DA:5,6
DA:6,25
DA:7,6
DA:10,6
DA:11,6
DA:12,6
DA:13,31
DA:15,6
DA:18,6
DA:19,6
DA:20,6
DA:21,31
DA:23,6
DA:26,6
DA:28,6
DA:36,1
LF:18
LH:18
BRDA:2,0,0,1
BRDA:2,0,1,6
BRDA:2,1,0,7
BRDA:2,1,1,6
BRDA:13,2,0,7
BRDA:13,2,1,24
BRDA:21,3,0,11
BRDA:21,3,1,20
BRF:8
BRH:8
end_of_record
